TN:
SF:app.js
FN:49,authenticateToken
FN:90,(anonymous_1)
FN:101,(anonymous_2)
FN:137,(anonymous_3)
FN:162,getUserPosts
FN:164,(anonymous_5)
FNF:6
FNH:3
FNDA:3,authenticateToken
FNDA:0,(anonymous_1)
FNDA:0,(anonymous_2)
FNDA:0,(anonymous_3)
FNDA:3,getUserPosts
FNDA:6,(anonymous_5)
DA:8,1
DA:11,1
DA:12,1
DA:24,1
DA:51,3
DA:52,3
DA:54,3
DA:56,2
DA:57,2
DA:64,1
DA:66,1
DA:68,1
DA:70,0
DA:71,0
DA:77,1
DA:79,1
DA:80,1
DA:86,0
DA:87,0
DA:90,0
DA:92,0
DA:93,0
DA:94,0
DA:101,0
DA:103,0
DA:105,0
DA:107,0
DA:108,0
DA:115,0
DA:117,0
DA:118,0
DA:125,0
DA:126,0
DA:133,0
DA:134,0
DA:135,0
DA:139,0
DA:140,0
DA:146,0
DA:147,0
DA:164,6
DA:173,1
LF:42
LH:17
BRDA:52,0,0,3
BRDA:52,0,1,2
BRDA:54,1,0,2
BRDA:54,1,1,1
BRDA:68,2,0,0
BRDA:68,2,1,1
BRDA:77,3,0,1
BRDA:77,3,1,0
BRDA:77,4,0,1
BRDA:77,4,1,1
BRDA:92,5,0,0
BRDA:92,5,1,0
BRDA:103,6,0,0
BRDA:103,6,1,0
BRDA:105,7,0,0
BRDA:105,7,1,0
BRDA:115,8,0,0
BRDA:115,8,1,0
BRF:18
BRH:8
end_of_record
TN:
SF:keyExpiry.js
FN:28,startServer
FN:33,(anonymous_1)
FN:40,(anonymous_2)
FN:79,(anonymous_3)
FN:102,(anonymous_4)
FN:114,(anonymous_5)
FN:115,(anonymous_6)
FN:187,(anonymous_7)
FN:280,(anonymous_8)
FN:297,(anonymous_9)
FN:343,(anonymous_10)
FN:351,(anonymous_11)
FN:381,(anonymous_12)
FN:418,(anonymous_13)
FN:425,(anonymous_14)
FN:426,(anonymous_15)
FN:434,(anonymous_16)
FN:448,(anonymous_17)
FNF:18
FNH:0
FNDA:0,startServer
FNDA:0,(anonymous_1)
FNDA:0,(anonymous_2)
FNDA:0,(anonymous_3)
FNDA:0,(anonymous_4)
FNDA:0,(anonymous_5)
FNDA:0,(anonymous_6)
FNDA:0,(anonymous_7)
FNDA:0,(anonymous_8)
FNDA:0,(anonymous_9)
FNDA:0,(anonymous_10)
FNDA:0,(anonymous_11)
FNDA:0,(anonymous_12)
FNDA:0,(anonymous_13)
FNDA:0,(anonymous_14)
FNDA:0,(anonymous_15)
FNDA:0,(anonymous_16)
FNDA:0,(anonymous_17)
DA:8,0
DA:10,0
DA:12,0
DA:13,0
DA:14,0
DA:16,0
DA:17,0
DA:19,0
DA:22,0
DA:24,0
DA:26,0
DA:30,0
DA:32,0
DA:33,0
DA:38,0
DA:40,0
DA:42,0
DA:66,0
DA:79,0
DA:81,0
DA:83,0
DA:84,0
DA:88,0
DA:89,0
DA:102,0
DA:104,0
DA:106,0
DA:108,0
DA:109,0
DA:112,0
DA:114,0
DA:115,0
DA:116,0
DA:118,0
DA:122,0
DA:126,0
DA:127,0
DA:129,0
DA:131,0
DA:132,0
DA:138,0
DA:139,0
DA:141,0
DA:142,0
DA:148,0
DA:164,0
DA:165,0
DA:169,0
DA:170,0
DA:187,0
DA:189,0
DA:191,0
DA:193,0
DA:196,0
DA:198,0
DA:199,0
DA:206,0
DA:207,0
DA:209,0
DA:211,0
DA:212,0
DA:214,0
DA:216,0
DA:217,0
DA:220,0
DA:221,0
DA:223,0
DA:224,0
DA:227,0
DA:242,0
DA:243,0
DA:245,0
DA:246,0
DA:249,0
DA:251,0
DA:264,0
DA:265,0
DA:280,0
DA:282,0
DA:283,0
DA:284,0
DA:297,0
DA:299,0
DA:301,0
DA:302,0
DA:304,0
DA:305,0
DA:307,0
DA:308,0
DA:310,0
DA:312,0
DA:324,0
DA:325,0
DA:343,0
DA:345,0
DA:347,0
DA:348,0
DA:349,0
DA:351,0
DA:362,0
DA:366,0
DA:367,0
DA:381,0
DA:383,0
DA:385,0
DA:386,0
DA:388,0
DA:402,0
DA:403,0
DA:418,0
DA:420,0
DA:422,0
DA:425,0
DA:426,0
DA:427,0
DA:428,0
DA:432,0
DA:434,0
DA:444,0
DA:448,0
DA:453,0
DA:466,0
DA:467,0
LF:123
LH:0
BRDA:17,0,0,0
BRDA:17,0,1,0
BRDA:38,1,0,0
BRDA:38,1,1,0
BRDA:106,2,0,0
BRDA:106,2,1,0
BRDA:116,3,0,0
BRDA:116,3,1,0
BRDA:129,4,0,0
BRDA:129,4,1,0
BRDA:129,5,0,0
BRDA:129,5,1,0
BRDA:139,6,0,0
BRDA:139,6,1,0
BRDA:139,7,0,0
BRDA:139,7,1,0
BRDA:139,7,2,0
BRDA:191,8,0,0
BRDA:191,8,1,0
BRDA:196,9,0,0
BRDA:196,9,1,0
BRDA:214,10,0,0
BRDA:214,10,1,0
BRDA:214,11,0,0
BRDA:214,11,1,0
BRDA:221,12,0,0
BRDA:221,12,1,0
BRDA:221,13,0,0
BRDA:221,13,1,0
BRDA:221,13,2,0
BRDA:243,14,0,0
BRDA:243,14,1,0
BRDA:302,15,0,0
BRDA:302,15,1,0
BRDA:318,16,0,0
BRDA:318,16,1,0
BRDA:394,17,0,0
BRDA:394,17,1,0
BRDA:427,18,0,0
BRDA:427,18,1,0
BRDA:440,19,0,0
BRDA:440,19,1,0
BRDA:441,20,0,0
BRDA:441,20,1,0
BRDA:448,21,0,0
BRDA:448,21,1,0
BRF:46
BRH:0
end_of_record
TN:
SF:keyStorage.js
FN:18,(anonymous_0)
FN:23,(anonymous_1)
FN:34,(anonymous_2)
FN:74,(anonymous_3)
FN:130,(anonymous_4)
FN:154,(anonymous_5)
FN:199,(anonymous_6)
FN:246,(anonymous_7)
FN:268,(anonymous_8)
FN:288,(anonymous_9)
FN:302,(anonymous_10)
FN:326,(anonymous_11)
FN:401,(anonymous_12)
FN:423,(anonymous_13)
FNF:14
FNH:0
FNDA:0,(anonymous_0)
FNDA:0,(anonymous_1)
FNDA:0,(anonymous_2)
FNDA:0,(anonymous_3)
FNDA:0,(anonymous_4)
FNDA:0,(anonymous_5)
FNDA:0,(anonymous_6)
FNDA:0,(anonymous_7)
FNDA:0,(anonymous_8)
FNDA:0,(anonymous_9)
FNDA:0,(anonymous_10)
FNDA:0,(anonymous_11)
FNDA:0,(anonymous_12)
FNDA:0,(anonymous_13)
DA:7,0
DA:8,0
DA:9,0
DA:10,0
DA:12,0
DA:13,0
DA:14,0
DA:20,0
DA:21,0
DA:22,0
DA:23,0
DA:24,0
DA:36,0
DA:38,0
DA:39,0
DA:45,0
DA:47,0
DA:48,0
DA:52,0
DA:53,0
DA:55,0
DA:56,0
DA:60,0
DA:62,0
DA:63,0
DA:76,0
DA:78,0
DA:79,0
DA:81,0
DA:82,0
DA:83,0
DA:85,0
DA:86,0
DA:87,0
DA:89,0
DA:90,0
DA:91,0
DA:92,0
DA:93,0
DA:96,0
DA:101,0
DA:110,0
DA:111,0
DA:113,0
DA:114,0
DA:115,0
DA:119,0
DA:120,0
DA:121,0
DA:132,0
DA:134,0
DA:135,0
DA:136,0
DA:137,0
DA:142,0
DA:143,0
DA:156,0
DA:158,0
DA:160,0
DA:162,0
DA:163,0
DA:166,0
DA:167,0
DA:169,0
DA:171,0
DA:172,0
DA:173,0
DA:176,0
DA:178,0
DA:179,0
DA:182,0
DA:183,0
DA:188,0
DA:189,0
DA:201,0
DA:203,0
DA:205,0
DA:207,0
DA:208,0
DA:211,0
DA:212,0
DA:214,0
DA:216,0
DA:217,0
DA:220,0
DA:222,0
DA:223,0
DA:226,0
DA:227,0
DA:232,0
DA:233,0
DA:248,0
DA:249,0
DA:251,0
DA:252,0
DA:254,0
DA:255,0
DA:256,0
DA:270,0
DA:271,0
DA:273,0
DA:274,0
DA:276,0
DA:277,0
DA:278,0
DA:290,0
DA:304,0
DA:306,0
DA:307,0
DA:308,0
DA:309,0
DA:313,0
DA:314,0
DA:328,0
DA:348,0
DA:353,0
DA:355,0
DA:357,0
DA:359,0
DA:360,0
DA:362,0
DA:363,0
DA:365,0
DA:375,0
DA:379,0
DA:383,0
DA:384,0
DA:388,0
DA:389,0
DA:403,0
DA:405,0
DA:410,0
DA:411,0
DA:425,0
DA:427,0
DA:431,0
DA:432,0
DA:440,0
LF:138
LH:0
BRDA:45,0,0,0
BRDA:45,0,1,0
BRDA:74,1,0,0
BRDA:160,2,0,0
BRDA:160,2,1,0
BRDA:169,3,0,0
BRDA:169,3,1,0
BRDA:176,4,0,0
BRDA:176,4,1,0
BRDA:205,5,0,0
BRDA:205,5,1,0
BRDA:214,6,0,0
BRDA:214,6,1,0
BRDA:220,7,0,0
BRDA:220,7,1,0
BRDA:249,8,0,0
BRDA:249,8,1,0
BRDA:271,9,0,0
BRDA:271,9,1,0
BRDA:307,10,0,0
BRDA:307,10,1,0
BRF:21
BRH:0
end_of_record
