TN:
SF:app.js
FN:49,authenticateToken
FN:90,(anonymous_1)
FN:101,(anonymous_2)
FN:137,(anonymous_3)
FN:162,getUserPosts
FN:164,(anonymous_5)
FNF:6
FNH:2
FNDA:4,authenticateToken
FNDA:1,(anonymous_1)
FNDA:0,(anonymous_2)
FNDA:0,(anonymous_3)
FNDA:0,getUserPosts
FNDA:0,(anonymous_5)
DA:8,5
DA:11,5
DA:12,5
DA:24,5
DA:51,4
DA:52,4
DA:54,4
DA:56,0
DA:57,0
DA:64,4
DA:66,4
DA:68,4
DA:70,2
DA:71,2
DA:77,2
DA:79,1
DA:80,1
DA:86,1
DA:87,1
DA:90,1
DA:92,1
DA:93,1
DA:94,1
DA:101,0
DA:103,0
DA:105,0
DA:107,0
DA:108,0
DA:115,0
DA:117,0
DA:118,0
DA:125,0
DA:126,0
DA:133,0
DA:134,0
DA:135,0
DA:139,0
DA:140,0
DA:146,0
DA:147,0
DA:164,0
DA:173,5
LF:42
LH:22
BRDA:52,0,0,4
BRDA:52,0,1,4
BRDA:54,1,0,0
BRDA:54,1,1,4
BRDA:68,2,0,2
BRDA:68,2,1,2
BRDA:77,3,0,1
BRDA:77,3,1,1
BRDA:77,4,0,2
BRDA:77,4,1,2
BRDA:92,5,0,1
BRDA:92,5,1,0
BRDA:103,6,0,0
BRDA:103,6,1,0
BRDA:105,7,0,0
BRDA:105,7,1,0
BRDA:115,8,0,0
BRDA:115,8,1,0
BRF:18
BRH:10
end_of_record
TN:
SF:keyExpiry.js
FN:28,startServer
FN:33,(anonymous_1)
FN:40,(anonymous_2)
FN:79,(anonymous_3)
FN:102,(anonymous_4)
FN:114,(anonymous_5)
FN:115,(anonymous_6)
FN:187,(anonymous_7)
FN:280,(anonymous_8)
FN:297,(anonymous_9)
FN:343,(anonymous_10)
FN:351,(anonymous_11)
FN:381,(anonymous_12)
FN:418,(anonymous_13)
FN:425,(anonymous_14)
FN:426,(anonymous_15)
FN:434,(anonymous_16)
FN:448,(anonymous_17)
FNF:18
FNH:8
FNDA:4,startServer
FNDA:12,(anonymous_1)
FNDA:0,(anonymous_2)
FNDA:0,(anonymous_3)
FNDA:8,(anonymous_4)
FNDA:4,(anonymous_5)
FNDA:4,(anonymous_6)
FNDA:7,(anonymous_7)
FNDA:0,(anonymous_8)
FNDA:3,(anonymous_9)
FNDA:2,(anonymous_10)
FNDA:0,(anonymous_11)
FNDA:0,(anonymous_12)
FNDA:0,(anonymous_13)
FNDA:0,(anonymous_14)
FNDA:0,(anonymous_15)
FNDA:0,(anonymous_16)
FNDA:0,(anonymous_17)
DA:8,4
DA:10,4
DA:12,4
DA:13,4
DA:14,4
DA:16,4
DA:17,4
DA:19,4
DA:22,4
DA:24,4
DA:26,4
DA:30,4
DA:32,12
DA:33,12
DA:38,1
DA:40,1
DA:42,0
DA:66,1
DA:79,4
DA:81,0
DA:83,0
DA:84,0
DA:88,0
DA:89,0
DA:102,4
DA:104,8
DA:106,8
DA:108,4
DA:109,4
DA:112,4
DA:114,4
DA:115,4
DA:116,4
DA:118,3
DA:122,1
DA:126,1
DA:127,0
DA:129,0
DA:131,0
DA:132,0
DA:138,0
DA:139,0
DA:141,0
DA:142,0
DA:148,0
DA:164,0
DA:165,0
DA:169,4
DA:170,4
DA:187,4
DA:189,7
DA:191,7
DA:193,1
DA:196,6
DA:198,1
DA:199,1
DA:206,5
DA:207,5
DA:209,5
DA:211,5
DA:212,3
DA:214,3
DA:216,3
DA:217,3
DA:220,0
DA:221,0
DA:223,0
DA:224,0
DA:227,0
DA:242,0
DA:243,0
DA:245,0
DA:246,0
DA:249,0
DA:251,0
DA:264,2
DA:265,2
DA:280,4
DA:282,0
DA:283,0
DA:284,0
DA:297,4
DA:299,3
DA:301,3
DA:302,3
DA:304,3
DA:305,1
DA:307,1
DA:308,1
DA:310,1
DA:312,0
DA:324,3
DA:325,3
DA:343,4
DA:345,2
DA:347,2
DA:348,0
DA:349,0
DA:351,0
DA:362,0
DA:366,2
DA:367,2
DA:381,4
DA:383,0
DA:385,0
DA:386,0
DA:388,0
DA:402,0
DA:403,0
DA:418,4
DA:420,0
DA:422,0
DA:425,0
DA:426,0
DA:427,0
DA:428,0
DA:432,0
DA:434,0
DA:444,0
DA:448,0
DA:453,0
DA:466,4
DA:467,4
LF:123
LH:70
BRDA:17,0,0,4
BRDA:17,0,1,0
BRDA:38,1,0,1
BRDA:38,1,1,0
BRDA:106,2,0,4
BRDA:106,2,1,4
BRDA:116,3,0,3
BRDA:116,3,1,1
BRDA:129,4,0,0
BRDA:129,4,1,0
BRDA:129,5,0,0
BRDA:129,5,1,0
BRDA:139,6,0,0
BRDA:139,6,1,0
BRDA:139,7,0,0
BRDA:139,7,1,0
BRDA:139,7,2,0
BRDA:191,8,0,1
BRDA:191,8,1,6
BRDA:196,9,0,1
BRDA:196,9,1,5
BRDA:214,10,0,3
BRDA:214,10,1,0
BRDA:214,11,0,3
BRDA:214,11,1,0
BRDA:221,12,0,0
BRDA:221,12,1,0
BRDA:221,13,0,0
BRDA:221,13,1,0
BRDA:221,13,2,0
BRDA:243,14,0,0
BRDA:243,14,1,0
BRDA:302,15,0,3
BRDA:302,15,1,0
BRDA:318,16,0,0
BRDA:318,16,1,0
BRDA:394,17,0,0
BRDA:394,17,1,0
BRDA:427,18,0,0
BRDA:427,18,1,0
BRDA:440,19,0,0
BRDA:440,19,1,0
BRDA:441,20,0,0
BRDA:441,20,1,0
BRDA:448,21,0,0
BRDA:448,21,1,0
BRF:46
BRH:13
end_of_record
TN:
SF:keyStorage.js
FN:18,(anonymous_0)
FN:23,(anonymous_1)
FN:34,(anonymous_2)
FN:74,(anonymous_3)
FN:130,(anonymous_4)
FN:154,(anonymous_5)
FN:199,(anonymous_6)
FN:246,(anonymous_7)
FN:268,(anonymous_8)
FN:288,(anonymous_9)
FN:302,(anonymous_10)
FN:326,(anonymous_11)
FN:401,(anonymous_12)
FN:423,(anonymous_13)
FNF:14
FNH:13
FNDA:4,(anonymous_0)
FNDA:3,(anonymous_1)
FNDA:22,(anonymous_2)
FNDA:49,(anonymous_3)
FNDA:50,(anonymous_4)
FNDA:4,(anonymous_5)
FNDA:2,(anonymous_6)
FNDA:5,(anonymous_7)
FNDA:0,(anonymous_8)
FNDA:5,(anonymous_9)
FNDA:2,(anonymous_10)
FNDA:3,(anonymous_11)
FNDA:7,(anonymous_12)
FNDA:1,(anonymous_13)
DA:7,4
DA:8,4
DA:9,4
DA:10,4
DA:12,4
DA:13,4
DA:14,4
DA:20,4
DA:21,4
DA:22,4
DA:23,4
DA:24,3
DA:36,22
DA:38,22
DA:39,22
DA:45,22
DA:47,0
DA:48,0
DA:52,22
DA:53,22
DA:55,21
DA:56,21
DA:60,0
DA:62,0
DA:63,0
DA:76,49
DA:78,49
DA:79,49
DA:81,49
DA:82,49
DA:83,49
DA:85,49
DA:86,49
DA:87,49
DA:89,49
DA:90,49
DA:91,49
DA:92,49
DA:93,49
DA:96,48
DA:101,48
DA:110,48
DA:111,48
DA:113,48
DA:114,48
DA:115,47
DA:119,1
DA:120,1
DA:121,1
DA:132,50
DA:134,50
DA:135,49
DA:136,49
DA:137,49
DA:142,0
DA:143,0
DA:156,4
DA:158,4
DA:160,4
DA:162,1
DA:163,1
DA:166,3
DA:167,3
DA:169,3
DA:171,0
DA:172,0
DA:173,0
DA:176,3
DA:178,0
DA:179,0
DA:182,3
DA:183,3
DA:188,0
DA:189,0
DA:201,2
DA:203,2
DA:205,2
DA:207,1
DA:208,1
DA:211,1
DA:212,1
DA:214,1
DA:216,0
DA:217,0
DA:220,1
DA:222,0
DA:223,0
DA:226,1
DA:227,1
DA:232,0
DA:233,0
DA:248,5
DA:249,5
DA:251,3
DA:252,3
DA:254,2
DA:255,2
DA:256,2
DA:270,0
DA:271,0
DA:273,0
DA:274,0
DA:276,0
DA:277,0
DA:278,0
DA:290,5
DA:304,2
DA:306,2
DA:307,2
DA:308,0
DA:309,0
DA:313,2
DA:314,2
DA:328,3
DA:348,3
DA:353,3
DA:355,3
DA:357,3
DA:359,2
DA:360,2
DA:362,2
DA:363,2
DA:365,2
DA:375,2
DA:379,0
DA:383,3
DA:384,3
DA:388,0
DA:389,0
DA:403,7
DA:405,7
DA:410,0
DA:411,0
DA:425,1
DA:427,1
DA:431,0
DA:432,0
DA:440,4
LF:138
LH:102
BRDA:45,0,0,0
BRDA:45,0,1,22
BRDA:74,1,0,0
BRDA:160,2,0,1
BRDA:160,2,1,3
BRDA:169,3,0,0
BRDA:169,3,1,3
BRDA:176,4,0,0
BRDA:176,4,1,3
BRDA:205,5,0,1
BRDA:205,5,1,1
BRDA:214,6,0,0
BRDA:214,6,1,1
BRDA:220,7,0,0
BRDA:220,7,1,1
BRDA:249,8,0,3
BRDA:249,8,1,2
BRDA:271,9,0,0
BRDA:271,9,1,0
BRDA:307,10,0,2
BRDA:307,10,1,0
BRF:21
BRH:12
end_of_record
